0 info it worked if it ends with ok
1 verbose cli [ 'C:\\Program Files\\nodejs\\node.exe',
1 verbose cli   'C:\\Program Files\\nodejs\\node_modules\\npm\\bin\\npm-cli.js',
1 verbose cli   'install',
1 verbose cli   'git-hooks',
1 verbose cli   '--save-dev' ]
2 info using npm@3.10.10
3 info using node@v6.10.3
4 silly loadCurrentTree Starting
5 silly install loadCurrentTree
6 silly install readLocalPackageData
7 silly fetchPackageMetaData git-hooks
8 silly fetchNamedPackageData git-hooks
9 silly mapToRegistry name git-hooks
10 silly mapToRegistry using default registry
11 silly mapToRegistry registry https://registry.npmjs.org/
12 silly mapToRegistry data Result {
12 silly mapToRegistry   raw: 'git-hooks',
12 silly mapToRegistry   scope: null,
12 silly mapToRegistry   escapedName: 'git-hooks',
12 silly mapToRegistry   name: 'git-hooks',
12 silly mapToRegistry   rawSpec: '',
12 silly mapToRegistry   spec: 'latest',
12 silly mapToRegistry   type: 'tag' }
13 silly mapToRegistry uri https://registry.npmjs.org/git-hooks
14 verbose request uri https://registry.npmjs.org/git-hooks
15 verbose request no auth needed
16 info attempt registry request try #1 at 05:19:57
17 verbose request id 94960146f601729d
18 http request GET https://registry.npmjs.org/git-hooks
19 http 200 https://registry.npmjs.org/git-hooks
20 verbose headers { server: 'nginx/1.10.1',
20 verbose headers   'content-type': 'application/json',
20 verbose headers   'last-modified': 'Wed, 22 Feb 2017 02:22:45 GMT',
20 verbose headers   etag: 'W/"58acf5f5-c0c8"',
20 verbose headers   'content-encoding': 'gzip',
20 verbose headers   'cache-control': 'max-age=300',
20 verbose headers   'content-length': '5529',
20 verbose headers   'accept-ranges': 'bytes',
20 verbose headers   date: 'Fri, 19 May 2017 02:19:58 GMT',
20 verbose headers   via: '1.1 varnish',
20 verbose headers   age: '0',
20 verbose headers   connection: 'keep-alive',
20 verbose headers   'x-served-by': 'cache-fra1244-FRA',
20 verbose headers   'x-cache': 'MISS',
20 verbose headers   'x-cache-hits': '0',
20 verbose headers   'x-timer': 'S1495160399.815449,VS0,VE64',
20 verbose headers   vary: 'Accept-Encoding' }
21 silly get cb [ 200,
21 silly get   { server: 'nginx/1.10.1',
21 silly get     'content-type': 'application/json',
21 silly get     'last-modified': 'Wed, 22 Feb 2017 02:22:45 GMT',
21 silly get     etag: 'W/"58acf5f5-c0c8"',
21 silly get     'content-encoding': 'gzip',
21 silly get     'cache-control': 'max-age=300',
21 silly get     'content-length': '5529',
21 silly get     'accept-ranges': 'bytes',
21 silly get     date: 'Fri, 19 May 2017 02:19:58 GMT',
21 silly get     via: '1.1 varnish',
21 silly get     age: '0',
21 silly get     connection: 'keep-alive',
21 silly get     'x-served-by': 'cache-fra1244-FRA',
21 silly get     'x-cache': 'MISS',
21 silly get     'x-cache-hits': '0',
21 silly get     'x-timer': 'S1495160399.815449,VS0,VE64',
21 silly get     vary: 'Accept-Encoding' } ]
22 verbose get saving git-hooks to C:\Users\Admin\AppData\Roaming\npm-cache\registry.npmjs.org\git-hooks\.cache.json
23 verbose correctMkdir C:\Users\Admin\AppData\Roaming\npm-cache correctMkdir not in flight; initializing
24 silly install normalizeTree
25 silly loadCurrentTree Finishing
26 silly loadIdealTree Starting
27 silly install loadIdealTree
28 silly cloneCurrentTree Starting
29 silly install cloneCurrentTreeToIdealTree
30 silly cloneCurrentTree Finishing
31 silly loadShrinkwrap Starting
32 silly install loadShrinkwrap
33 silly loadShrinkwrap Finishing
34 silly loadAllDepsIntoIdealTree Starting
35 silly install loadAllDepsIntoIdealTree
36 silly resolveWithNewModule git-hooks@1.1.8 checking installable status
37 silly cache add args [ 'git-hooks', null ]
38 verbose cache add spec git-hooks
39 silly cache add parsed spec Result {
39 silly cache add   raw: 'git-hooks',
39 silly cache add   scope: null,
39 silly cache add   escapedName: 'git-hooks',
39 silly cache add   name: 'git-hooks',
39 silly cache add   rawSpec: '',
39 silly cache add   spec: 'latest',
39 silly cache add   type: 'tag' }
40 silly addNamed git-hooks@latest
41 verbose addNamed "latest" is being treated as a dist-tag for git-hooks
42 info addNameTag [ 'git-hooks', 'latest' ]
43 silly mapToRegistry name git-hooks
44 silly mapToRegistry using default registry
45 silly mapToRegistry registry https://registry.npmjs.org/
46 silly mapToRegistry data Result {
46 silly mapToRegistry   raw: 'git-hooks',
46 silly mapToRegistry   scope: null,
46 silly mapToRegistry   escapedName: 'git-hooks',
46 silly mapToRegistry   name: 'git-hooks',
46 silly mapToRegistry   rawSpec: '',
46 silly mapToRegistry   spec: 'latest',
46 silly mapToRegistry   type: 'tag' }
47 silly mapToRegistry uri https://registry.npmjs.org/git-hooks
48 verbose addNameTag registry:https://registry.npmjs.org/git-hooks not in flight; fetching
49 verbose get https://registry.npmjs.org/git-hooks not expired, no request
50 silly addNameTag next cb for git-hooks with tag latest
51 silly addNamed git-hooks@1.1.8
52 verbose addNamed "1.1.8" is a plain semver version for git-hooks
53 silly mapToRegistry name git-hooks
54 silly mapToRegistry using default registry
55 silly mapToRegistry registry https://registry.npmjs.org/
56 silly mapToRegistry data Result {
56 silly mapToRegistry   raw: 'git-hooks',
56 silly mapToRegistry   scope: null,
56 silly mapToRegistry   escapedName: 'git-hooks',
56 silly mapToRegistry   name: 'git-hooks',
56 silly mapToRegistry   rawSpec: '',
56 silly mapToRegistry   spec: 'latest',
56 silly mapToRegistry   type: 'tag' }
57 silly mapToRegistry uri https://registry.npmjs.org/git-hooks
58 verbose addRemoteTarball https://registry.npmjs.org/git-hooks/-/git-hooks-1.1.8.tgz not in flight; adding
59 verbose addRemoteTarball [ 'https://registry.npmjs.org/git-hooks/-/git-hooks-1.1.8.tgz',
59 verbose addRemoteTarball   'de935858c951c336bd648202938bd04fa433279d' ]
60 info retry fetch attempt 1 at 05:19:58
61 info attempt registry request try #1 at 05:19:58
62 http fetch GET https://registry.npmjs.org/git-hooks/-/git-hooks-1.1.8.tgz
63 http fetch 200 https://registry.npmjs.org/git-hooks/-/git-hooks-1.1.8.tgz
64 silly fetchAndShaCheck shasum de935858c951c336bd648202938bd04fa433279d
65 verbose addTmpTarball C:\Users\Admin\AppData\Local\Temp\npm-6608-38e90e62\registry.npmjs.org\git-hooks\-\git-hooks-1.1.8.tgz not in flight; adding
66 verbose addTmpTarball already have metadata; skipping unpack for git-hooks@1.1.8
67 verbose correctMkdir C:\Users\Admin\AppData\Roaming\npm-cache correctMkdir not in flight; initializing
68 silly cache afterAdd git-hooks@1.1.8
69 verbose afterAdd C:\Users\Admin\AppData\Roaming\npm-cache\git-hooks\1.1.8\package\package.json not in flight; writing
70 verbose correctMkdir C:\Users\Admin\AppData\Roaming\npm-cache correctMkdir not in flight; initializing
71 verbose afterAdd C:\Users\Admin\AppData\Roaming\npm-cache\git-hooks\1.1.8\package\package.json written
72 silly loadAllDepsIntoIdealTree Finishing
73 silly loadIdealTree Finishing
74 silly currentTree Ajax training
74 silly currentTree +-- abbrev@1.1.0
74 silly currentTree +-- ajv@4.11.8
74 silly currentTree +-- amdefine@1.0.1
74 silly currentTree +-- ansi-regex@2.1.1
74 silly currentTree +-- ansi-styles@2.2.1
74 silly currentTree +-- aproba@1.1.1
74 silly currentTree +-- archy@1.0.0
74 silly currentTree +-- are-we-there-yet@1.1.4
74 silly currentTree | +-- isarray@1.0.0
74 silly currentTree | +-- readable-stream@2.2.9
74 silly currentTree | `-- string_decoder@1.0.0
74 silly currentTree +-- arr-diff@2.0.0
74 silly currentTree +-- arr-flatten@1.0.3
74 silly currentTree +-- array-differ@1.0.0
74 silly currentTree +-- array-find-index@1.0.2
74 silly currentTree +-- array-uniq@1.0.3
74 silly currentTree +-- array-unique@0.2.1
74 silly currentTree +-- asn1@0.2.3
74 silly currentTree +-- assert-plus@0.2.0
74 silly currentTree +-- async-foreach@0.1.3
74 silly currentTree +-- asynckit@0.4.0
74 silly currentTree +-- aws-sign2@0.6.0
74 silly currentTree +-- aws4@1.6.0
74 silly currentTree +-- balanced-match@0.4.2
74 silly currentTree +-- bcrypt-pbkdf@1.0.1
74 silly currentTree +-- beeper@1.1.1
74 silly currentTree +-- block-stream@0.0.9
74 silly currentTree +-- boom@2.10.1
74 silly currentTree +-- brace-expansion@1.1.7
74 silly currentTree +-- braces@1.8.5
74 silly currentTree +-- buffer-shims@1.0.0
74 silly currentTree +-- builtin-modules@1.1.1
74 silly currentTree +-- camelcase-keys@2.1.0
74 silly currentTree +-- camelcase@2.1.1
74 silly currentTree +-- caseless@0.12.0
74 silly currentTree +-- chalk@1.1.3
74 silly currentTree +-- cliui@3.2.0
74 silly currentTree +-- clone-stats@0.0.1
74 silly currentTree +-- clone@1.0.2
74 silly currentTree +-- co@4.6.0
74 silly currentTree +-- code-point-at@1.1.0
74 silly currentTree +-- combined-stream@1.0.5
74 silly currentTree +-- concat-map@0.0.1
74 silly currentTree +-- console-control-strings@1.1.0
74 silly currentTree +-- core-util-is@1.0.2
74 silly currentTree +-- cross-spawn@3.0.1
74 silly currentTree | `-- lru-cache@4.0.2
74 silly currentTree +-- cryptiles@2.0.5
74 silly currentTree +-- currently-unhandled@0.4.1
74 silly currentTree +-- dashdash@1.14.1
74 silly currentTree | `-- assert-plus@1.0.0
74 silly currentTree +-- dateformat@2.0.0
74 silly currentTree +-- decamelize@1.2.0
74 silly currentTree +-- defaults@1.0.3
74 silly currentTree +-- delayed-stream@1.0.0
74 silly currentTree +-- delegates@1.0.0
74 silly currentTree +-- deprecated@0.0.1
74 silly currentTree +-- detect-file@0.1.0
74 silly currentTree +-- duplexer@0.1.1
74 silly currentTree +-- duplexer2@0.0.2
74 silly currentTree +-- ecc-jsbn@0.1.1
74 silly currentTree +-- end-of-stream@0.1.5
74 silly currentTree +-- error-ex@1.3.1
74 silly currentTree +-- escape-string-regexp@1.0.5
74 silly currentTree +-- expand-brackets@0.1.5
74 silly currentTree +-- expand-range@1.8.2
74 silly currentTree +-- expand-tilde@1.2.2
74 silly currentTree +-- extend@3.0.1
74 silly currentTree +-- extglob@0.3.2
74 silly currentTree +-- extsprintf@1.0.2
74 silly currentTree +-- fancy-log@1.3.0
74 silly currentTree +-- filename-regex@2.0.1
74 silly currentTree +-- fill-range@2.2.3
74 silly currentTree +-- find-index@0.1.1
74 silly currentTree +-- find-up@1.1.2
74 silly currentTree +-- findup-sync@0.4.3
74 silly currentTree +-- fined@1.0.2
74 silly currentTree +-- first-chunk-stream@1.0.0
74 silly currentTree +-- flagged-respawn@0.3.2
74 silly currentTree +-- for-in@1.0.2
74 silly currentTree +-- for-own@0.1.5
74 silly currentTree +-- forever-agent@0.6.1
74 silly currentTree +-- form-data@2.1.4
74 silly currentTree +-- fs-exists-sync@0.1.0
74 silly currentTree +-- fs.realpath@1.0.0
74 silly currentTree +-- fstream@1.0.11
74 silly currentTree | `-- graceful-fs@4.1.11
74 silly currentTree +-- gauge@2.7.4
74 silly currentTree | `-- object-assign@4.1.1
74 silly currentTree +-- gaze@0.5.2
74 silly currentTree +-- get-caller-file@1.0.2
74 silly currentTree +-- get-stdin@4.0.1
74 silly currentTree +-- getpass@0.1.7
74 silly currentTree | `-- assert-plus@1.0.0
74 silly currentTree +-- glob-base@0.3.0
74 silly currentTree +-- glob-parent@2.0.0
74 silly currentTree +-- glob-stream@3.1.18
74 silly currentTree | +-- readable-stream@1.0.34
74 silly currentTree | `-- through2@0.6.5
74 silly currentTree +-- glob-watcher@0.0.6
74 silly currentTree +-- glob@4.5.3
74 silly currentTree +-- glob2base@0.0.12
74 silly currentTree +-- global-modules@0.2.3
74 silly currentTree +-- global-prefix@0.1.5
74 silly currentTree +-- globule@0.1.0
74 silly currentTree | +-- glob@3.1.21
74 silly currentTree | +-- graceful-fs@1.2.3
74 silly currentTree | +-- inherits@1.0.2
74 silly currentTree | `-- minimatch@0.2.14
74 silly currentTree +-- glogg@1.0.0
74 silly currentTree +-- graceful-fs@3.0.11
74 silly currentTree +-- gulp-sass@3.1.0
74 silly currentTree +-- gulp-size@2.1.0
74 silly currentTree | `-- object-assign@4.1.1
74 silly currentTree +-- gulp-util@3.0.8
74 silly currentTree +-- gulp@3.9.1
74 silly currentTree +-- gulplog@1.0.0
74 silly currentTree +-- gzip-size@3.0.0
74 silly currentTree +-- har-schema@1.0.5
74 silly currentTree +-- har-validator@4.2.1
74 silly currentTree +-- has-ansi@2.0.0
74 silly currentTree +-- has-gulplog@0.1.0
74 silly currentTree +-- has-unicode@2.0.1
74 silly currentTree +-- hawk@3.1.3
74 silly currentTree +-- hoek@2.16.3
74 silly currentTree +-- homedir-polyfill@1.0.1
74 silly currentTree +-- hosted-git-info@2.4.2
74 silly currentTree +-- http-signature@1.1.1
74 silly currentTree +-- in-publish@2.0.0
74 silly currentTree +-- indent-string@2.1.0
74 silly currentTree +-- inflight@1.0.6
74 silly currentTree +-- inherits@2.0.3
74 silly currentTree +-- ini@1.3.4
74 silly currentTree +-- interpret@1.0.3
74 silly currentTree +-- invert-kv@1.0.0
74 silly currentTree +-- is-absolute@0.2.6
74 silly currentTree +-- is-arrayish@0.2.1
74 silly currentTree +-- is-buffer@1.1.5
74 silly currentTree +-- is-builtin-module@1.0.0
74 silly currentTree +-- is-dotfile@1.0.2
74 silly currentTree +-- is-equal-shallow@0.1.3
74 silly currentTree +-- is-extendable@0.1.1
74 silly currentTree +-- is-extglob@1.0.0
74 silly currentTree +-- is-finite@1.0.2
74 silly currentTree +-- is-fullwidth-code-point@1.0.0
74 silly currentTree +-- is-glob@2.0.1
74 silly currentTree +-- is-number@2.1.0
74 silly currentTree +-- is-posix-bracket@0.1.1
74 silly currentTree +-- is-primitive@2.0.0
74 silly currentTree +-- is-relative@0.2.1
74 silly currentTree +-- is-typedarray@1.0.0
74 silly currentTree +-- is-unc-path@0.1.2
74 silly currentTree +-- is-utf8@0.2.1
74 silly currentTree +-- is-windows@0.2.0
74 silly currentTree +-- isarray@0.0.1
74 silly currentTree +-- isexe@2.0.0
74 silly currentTree +-- isobject@2.1.0
74 silly currentTree | `-- isarray@1.0.0
74 silly currentTree +-- isstream@0.1.2
74 silly currentTree +-- jodid25519@1.0.2
74 silly currentTree +-- js-base64@2.1.9
74 silly currentTree +-- jsbn@0.1.1
74 silly currentTree +-- json-schema@0.2.3
74 silly currentTree +-- json-stable-stringify@1.0.1
74 silly currentTree +-- json-stringify-safe@5.0.1
74 silly currentTree +-- jsonify@0.0.0
74 silly currentTree +-- jsprim@1.4.0
74 silly currentTree | `-- assert-plus@1.0.0
74 silly currentTree +-- kind-of@3.2.2
74 silly currentTree +-- lcid@1.0.0
74 silly currentTree +-- liftoff@2.3.0
74 silly currentTree +-- load-json-file@1.1.0
74 silly currentTree | +-- graceful-fs@4.1.11
74 silly currentTree | `-- strip-bom@2.0.0
74 silly currentTree +-- lodash._basecopy@3.0.1
74 silly currentTree +-- lodash._basetostring@3.0.1
74 silly currentTree +-- lodash._basevalues@3.0.0
74 silly currentTree +-- lodash._getnative@3.9.1
74 silly currentTree +-- lodash._isiterateecall@3.0.9
74 silly currentTree +-- lodash._reescape@3.0.0
74 silly currentTree +-- lodash._reevaluate@3.0.0
74 silly currentTree +-- lodash._reinterpolate@3.0.0
74 silly currentTree +-- lodash._root@3.0.1
74 silly currentTree +-- lodash.assign@4.2.0
74 silly currentTree +-- lodash.assignwith@4.2.0
74 silly currentTree +-- lodash.clonedeep@4.5.0
74 silly currentTree +-- lodash.escape@3.2.0
74 silly currentTree +-- lodash.isarguments@3.1.0
74 silly currentTree +-- lodash.isarray@3.0.4
74 silly currentTree +-- lodash.isempty@4.4.0
74 silly currentTree +-- lodash.isplainobject@4.0.6
74 silly currentTree +-- lodash.isstring@4.0.1
74 silly currentTree +-- lodash.keys@3.1.2
74 silly currentTree +-- lodash.mapvalues@4.6.0
74 silly currentTree +-- lodash.mergewith@4.6.0
74 silly currentTree +-- lodash.pick@4.4.0
74 silly currentTree +-- lodash.restparam@3.6.1
74 silly currentTree +-- lodash.template@3.6.2
74 silly currentTree +-- lodash.templatesettings@3.1.1
74 silly currentTree +-- lodash@1.0.2
74 silly currentTree +-- loud-rejection@1.6.0
74 silly currentTree +-- lru-cache@2.7.3
74 silly currentTree +-- map-cache@0.2.2
74 silly currentTree +-- map-obj@1.0.1
74 silly currentTree +-- meow@3.7.0
74 silly currentTree | `-- object-assign@4.1.1
74 silly currentTree +-- micromatch@2.3.11
74 silly currentTree +-- mime-db@1.27.0
74 silly currentTree +-- mime-types@2.1.15
74 silly currentTree +-- minimatch@2.0.10
74 silly currentTree +-- minimist@1.2.0
74 silly currentTree +-- mkdirp@0.5.1
74 silly currentTree | `-- minimist@0.0.8
74 silly currentTree +-- multipipe@0.1.2
74 silly currentTree +-- nan@2.6.2
74 silly currentTree +-- natives@1.1.0
74 silly currentTree +-- node-gyp@3.6.1
74 silly currentTree | +-- glob@7.1.1
74 silly currentTree | +-- graceful-fs@4.1.11
74 silly currentTree | +-- minimatch@3.0.4
74 silly currentTree | `-- semver@5.3.0
74 silly currentTree +-- node-sass@4.5.3
74 silly currentTree | +-- gaze@1.1.2
74 silly currentTree | +-- glob@7.1.1
74 silly currentTree | +-- globule@1.1.0
74 silly currentTree | +-- lodash@4.16.6
74 silly currentTree | `-- minimatch@3.0.4
74 silly currentTree +-- nopt@3.0.6
74 silly currentTree +-- normalize-package-data@2.3.8
74 silly currentTree +-- normalize-path@2.1.1
74 silly currentTree +-- npmlog@4.1.0
74 silly currentTree +-- number-is-nan@1.0.1
74 silly currentTree +-- oauth-sign@0.8.2
74 silly currentTree +-- object-assign@3.0.0
74 silly currentTree +-- object.omit@2.0.1
74 silly currentTree +-- once@1.3.3
74 silly currentTree +-- orchestrator@0.3.8
74 silly currentTree +-- ordered-read-streams@0.1.0
74 silly currentTree +-- os-homedir@1.0.2
74 silly currentTree +-- os-locale@1.4.0
74 silly currentTree +-- os-tmpdir@1.0.2
74 silly currentTree +-- osenv@0.1.4
74 silly currentTree +-- parse-filepath@1.0.1
74 silly currentTree +-- parse-glob@3.0.4
74 silly currentTree +-- parse-json@2.2.0
74 silly currentTree +-- parse-passwd@1.0.0
74 silly currentTree +-- path-exists@2.1.0
74 silly currentTree +-- path-is-absolute@1.0.1
74 silly currentTree +-- path-parse@1.0.5
74 silly currentTree +-- path-root-regex@0.1.2
74 silly currentTree +-- path-root@0.1.1
74 silly currentTree +-- path-type@1.1.0
74 silly currentTree | `-- graceful-fs@4.1.11
74 silly currentTree +-- performance-now@0.2.0
74 silly currentTree +-- pify@2.3.0
74 silly currentTree +-- pinkie-promise@2.0.1
74 silly currentTree +-- pinkie@2.0.4
74 silly currentTree +-- preserve@0.2.0
74 silly currentTree +-- pretty-bytes@3.0.1
74 silly currentTree +-- pretty-hrtime@1.0.3
74 silly currentTree +-- process-nextick-args@1.0.7
74 silly currentTree +-- pseudomap@1.0.2
74 silly currentTree +-- punycode@1.4.1
74 silly currentTree +-- qs@6.4.0
74 silly currentTree +-- randomatic@1.1.6
74 silly currentTree +-- read-pkg-up@1.0.1
74 silly currentTree +-- read-pkg@1.1.0
74 silly currentTree +-- readable-stream@1.1.14
74 silly currentTree +-- rechoir@0.6.2
74 silly currentTree +-- redent@1.0.0
74 silly currentTree +-- regex-cache@0.4.3
74 silly currentTree +-- remove-trailing-separator@1.0.1
74 silly currentTree +-- repeat-element@1.1.2
74 silly currentTree +-- repeat-string@1.6.1
74 silly currentTree +-- repeating@2.0.1
74 silly currentTree +-- replace-ext@0.0.1
74 silly currentTree +-- request@2.81.0
74 silly currentTree +-- require-directory@2.1.1
74 silly currentTree +-- require-main-filename@1.0.1
74 silly currentTree +-- resolve-dir@0.1.1
74 silly currentTree +-- resolve@1.3.3
74 silly currentTree +-- rimraf@2.6.1
74 silly currentTree | +-- glob@7.1.1
74 silly currentTree | `-- minimatch@3.0.4
74 silly currentTree +-- safe-buffer@5.0.1
74 silly currentTree +-- sass-graph@2.2.4
74 silly currentTree | +-- glob@7.1.1
74 silly currentTree | +-- lodash@4.17.4
74 silly currentTree | `-- minimatch@3.0.4
74 silly currentTree +-- scss-tokenizer@0.2.3
74 silly currentTree +-- semver@4.3.6
74 silly currentTree +-- sequencify@0.0.7
74 silly currentTree +-- set-blocking@2.0.0
74 silly currentTree +-- sigmund@1.0.1
74 silly currentTree +-- signal-exit@3.0.2
74 silly currentTree +-- sntp@1.0.9
74 silly currentTree +-- source-map@0.4.4
74 silly currentTree +-- sparkles@1.0.0
74 silly currentTree +-- spdx-correct@1.0.2
74 silly currentTree +-- spdx-expression-parse@1.0.4
74 silly currentTree +-- spdx-license-ids@1.2.2
74 silly currentTree +-- sshpk@1.13.0
74 silly currentTree | `-- assert-plus@1.0.0
74 silly currentTree +-- stdout-stream@1.4.0
74 silly currentTree | +-- isarray@1.0.0
74 silly currentTree | +-- readable-stream@2.2.9
74 silly currentTree | `-- string_decoder@1.0.0
74 silly currentTree +-- stream-consume@0.1.0
74 silly currentTree +-- stream-counter@1.0.0
74 silly currentTree +-- string_decoder@0.10.31
74 silly currentTree +-- string-width@1.0.2
74 silly currentTree +-- stringstream@0.0.5
74 silly currentTree +-- strip-ansi@3.0.1
74 silly currentTree +-- strip-bom@1.0.0
74 silly currentTree +-- strip-indent@1.0.1
74 silly currentTree +-- supports-color@2.0.0
74 silly currentTree +-- tar@2.2.1
74 silly currentTree +-- through2@2.0.3
74 silly currentTree | +-- isarray@1.0.0
74 silly currentTree | +-- readable-stream@2.2.9
74 silly currentTree | `-- string_decoder@1.0.0
74 silly currentTree +-- tildify@1.2.0
74 silly currentTree +-- time-stamp@1.1.0
74 silly currentTree +-- tough-cookie@2.3.2
74 silly currentTree +-- trim-newlines@1.0.0
74 silly currentTree +-- tunnel-agent@0.6.0
74 silly currentTree +-- tweetnacl@0.14.5
74 silly currentTree +-- unc-path-regex@0.1.2
74 silly currentTree +-- unique-stream@1.0.0
74 silly currentTree +-- user-home@1.1.1
74 silly currentTree +-- util-deprecate@1.0.2
74 silly currentTree +-- uuid@3.0.1
74 silly currentTree +-- v8flags@2.1.1
74 silly currentTree +-- validate-npm-package-license@3.0.1
74 silly currentTree +-- verror@1.3.6
74 silly currentTree +-- vinyl-fs@0.3.14
74 silly currentTree | +-- clone@0.2.0
74 silly currentTree | +-- readable-stream@1.0.34
74 silly currentTree | +-- through2@0.6.5
74 silly currentTree | `-- vinyl@0.4.6
74 silly currentTree +-- vinyl-sourcemaps-apply@0.2.1
74 silly currentTree | `-- source-map@0.5.6
74 silly currentTree +-- vinyl@0.5.3
74 silly currentTree +-- which-module@1.0.0
74 silly currentTree +-- which@1.2.14
74 silly currentTree +-- wide-align@1.1.2
74 silly currentTree +-- wrap-ansi@2.1.0
74 silly currentTree +-- wrappy@1.0.2
74 silly currentTree +-- xtend@4.0.1
74 silly currentTree +-- y18n@3.2.1
74 silly currentTree +-- yallist@2.1.2
74 silly currentTree +-- yargs-parser@5.0.0
74 silly currentTree | `-- camelcase@3.0.0
74 silly currentTree `-- yargs@7.1.0
74 silly currentTree   `-- camelcase@3.0.0
75 silly idealTree Ajax training
75 silly idealTree +-- abbrev@1.1.0
75 silly idealTree +-- ajv@4.11.8
75 silly idealTree +-- amdefine@1.0.1
75 silly idealTree +-- ansi-regex@2.1.1
75 silly idealTree +-- ansi-styles@2.2.1
75 silly idealTree +-- aproba@1.1.1
75 silly idealTree +-- archy@1.0.0
75 silly idealTree +-- are-we-there-yet@1.1.4
75 silly idealTree | +-- isarray@1.0.0
75 silly idealTree | +-- readable-stream@2.2.9
75 silly idealTree | `-- string_decoder@1.0.0
75 silly idealTree +-- arr-diff@2.0.0
75 silly idealTree +-- arr-flatten@1.0.3
75 silly idealTree +-- array-differ@1.0.0
75 silly idealTree +-- array-find-index@1.0.2
75 silly idealTree +-- array-uniq@1.0.3
75 silly idealTree +-- array-unique@0.2.1
75 silly idealTree +-- asn1@0.2.3
75 silly idealTree +-- assert-plus@0.2.0
75 silly idealTree +-- async-foreach@0.1.3
75 silly idealTree +-- asynckit@0.4.0
75 silly idealTree +-- aws-sign2@0.6.0
75 silly idealTree +-- aws4@1.6.0
75 silly idealTree +-- balanced-match@0.4.2
75 silly idealTree +-- bcrypt-pbkdf@1.0.1
75 silly idealTree +-- beeper@1.1.1
75 silly idealTree +-- block-stream@0.0.9
75 silly idealTree +-- boom@2.10.1
75 silly idealTree +-- brace-expansion@1.1.7
75 silly idealTree +-- braces@1.8.5
75 silly idealTree +-- buffer-shims@1.0.0
75 silly idealTree +-- builtin-modules@1.1.1
75 silly idealTree +-- camelcase-keys@2.1.0
75 silly idealTree +-- camelcase@2.1.1
75 silly idealTree +-- caseless@0.12.0
75 silly idealTree +-- chalk@1.1.3
75 silly idealTree +-- cliui@3.2.0
75 silly idealTree +-- clone-stats@0.0.1
75 silly idealTree +-- clone@1.0.2
75 silly idealTree +-- co@4.6.0
75 silly idealTree +-- code-point-at@1.1.0
75 silly idealTree +-- combined-stream@1.0.5
75 silly idealTree +-- concat-map@0.0.1
75 silly idealTree +-- console-control-strings@1.1.0
75 silly idealTree +-- core-util-is@1.0.2
75 silly idealTree +-- cross-spawn@3.0.1
75 silly idealTree | `-- lru-cache@4.0.2
75 silly idealTree +-- cryptiles@2.0.5
75 silly idealTree +-- currently-unhandled@0.4.1
75 silly idealTree +-- dashdash@1.14.1
75 silly idealTree | `-- assert-plus@1.0.0
75 silly idealTree +-- dateformat@2.0.0
75 silly idealTree +-- decamelize@1.2.0
75 silly idealTree +-- defaults@1.0.3
75 silly idealTree +-- delayed-stream@1.0.0
75 silly idealTree +-- delegates@1.0.0
75 silly idealTree +-- deprecated@0.0.1
75 silly idealTree +-- detect-file@0.1.0
75 silly idealTree +-- duplexer@0.1.1
75 silly idealTree +-- duplexer2@0.0.2
75 silly idealTree +-- ecc-jsbn@0.1.1
75 silly idealTree +-- end-of-stream@0.1.5
75 silly idealTree +-- error-ex@1.3.1
75 silly idealTree +-- escape-string-regexp@1.0.5
75 silly idealTree +-- expand-brackets@0.1.5
75 silly idealTree +-- expand-range@1.8.2
75 silly idealTree +-- expand-tilde@1.2.2
75 silly idealTree +-- extend@3.0.1
75 silly idealTree +-- extglob@0.3.2
75 silly idealTree +-- extsprintf@1.0.2
75 silly idealTree +-- fancy-log@1.3.0
75 silly idealTree +-- filename-regex@2.0.1
75 silly idealTree +-- fill-range@2.2.3
75 silly idealTree +-- find-index@0.1.1
75 silly idealTree +-- find-up@1.1.2
75 silly idealTree +-- findup-sync@0.4.3
75 silly idealTree +-- fined@1.0.2
75 silly idealTree +-- first-chunk-stream@1.0.0
75 silly idealTree +-- flagged-respawn@0.3.2
75 silly idealTree +-- for-in@1.0.2
75 silly idealTree +-- for-own@0.1.5
75 silly idealTree +-- forever-agent@0.6.1
75 silly idealTree +-- form-data@2.1.4
75 silly idealTree +-- fs-exists-sync@0.1.0
75 silly idealTree +-- fs.realpath@1.0.0
75 silly idealTree +-- fstream@1.0.11
75 silly idealTree | `-- graceful-fs@4.1.11
75 silly idealTree +-- gauge@2.7.4
75 silly idealTree | `-- object-assign@4.1.1
75 silly idealTree +-- gaze@0.5.2
75 silly idealTree +-- get-caller-file@1.0.2
75 silly idealTree +-- get-stdin@4.0.1
75 silly idealTree +-- getpass@0.1.7
75 silly idealTree | `-- assert-plus@1.0.0
75 silly idealTree +-- git-hooks@1.1.8
75 silly idealTree +-- glob-base@0.3.0
75 silly idealTree +-- glob-parent@2.0.0
75 silly idealTree +-- glob-stream@3.1.18
75 silly idealTree | +-- readable-stream@1.0.34
75 silly idealTree | `-- through2@0.6.5
75 silly idealTree +-- glob-watcher@0.0.6
75 silly idealTree +-- glob@4.5.3
75 silly idealTree +-- glob2base@0.0.12
75 silly idealTree +-- global-modules@0.2.3
75 silly idealTree +-- global-prefix@0.1.5
75 silly idealTree +-- globule@0.1.0
75 silly idealTree | +-- glob@3.1.21
75 silly idealTree | +-- graceful-fs@1.2.3
75 silly idealTree | +-- inherits@1.0.2
75 silly idealTree | `-- minimatch@0.2.14
75 silly idealTree +-- glogg@1.0.0
75 silly idealTree +-- graceful-fs@3.0.11
75 silly idealTree +-- gulp-sass@3.1.0
75 silly idealTree +-- gulp-size@2.1.0
75 silly idealTree | `-- object-assign@4.1.1
75 silly idealTree +-- gulp-util@3.0.8
75 silly idealTree +-- gulp@3.9.1
75 silly idealTree +-- gulplog@1.0.0
75 silly idealTree +-- gzip-size@3.0.0
75 silly idealTree +-- har-schema@1.0.5
75 silly idealTree +-- har-validator@4.2.1
75 silly idealTree +-- has-ansi@2.0.0
75 silly idealTree +-- has-gulplog@0.1.0
75 silly idealTree +-- has-unicode@2.0.1
75 silly idealTree +-- hawk@3.1.3
75 silly idealTree +-- hoek@2.16.3
75 silly idealTree +-- homedir-polyfill@1.0.1
75 silly idealTree +-- hosted-git-info@2.4.2
75 silly idealTree +-- http-signature@1.1.1
75 silly idealTree +-- in-publish@2.0.0
75 silly idealTree +-- indent-string@2.1.0
75 silly idealTree +-- inflight@1.0.6
75 silly idealTree +-- inherits@2.0.3
75 silly idealTree +-- ini@1.3.4
75 silly idealTree +-- interpret@1.0.3
75 silly idealTree +-- invert-kv@1.0.0
75 silly idealTree +-- is-absolute@0.2.6
75 silly idealTree +-- is-arrayish@0.2.1
75 silly idealTree +-- is-buffer@1.1.5
75 silly idealTree +-- is-builtin-module@1.0.0
75 silly idealTree +-- is-dotfile@1.0.2
75 silly idealTree +-- is-equal-shallow@0.1.3
75 silly idealTree +-- is-extendable@0.1.1
75 silly idealTree +-- is-extglob@1.0.0
75 silly idealTree +-- is-finite@1.0.2
75 silly idealTree +-- is-fullwidth-code-point@1.0.0
75 silly idealTree +-- is-glob@2.0.1
75 silly idealTree +-- is-number@2.1.0
75 silly idealTree +-- is-posix-bracket@0.1.1
75 silly idealTree +-- is-primitive@2.0.0
75 silly idealTree +-- is-relative@0.2.1
75 silly idealTree +-- is-typedarray@1.0.0
75 silly idealTree +-- is-unc-path@0.1.2
75 silly idealTree +-- is-utf8@0.2.1
75 silly idealTree +-- is-windows@0.2.0
75 silly idealTree +-- isarray@0.0.1
75 silly idealTree +-- isexe@2.0.0
75 silly idealTree +-- isobject@2.1.0
75 silly idealTree | `-- isarray@1.0.0
75 silly idealTree +-- isstream@0.1.2
75 silly idealTree +-- jodid25519@1.0.2
75 silly idealTree +-- js-base64@2.1.9
75 silly idealTree +-- jsbn@0.1.1
75 silly idealTree +-- json-schema@0.2.3
75 silly idealTree +-- json-stable-stringify@1.0.1
75 silly idealTree +-- json-stringify-safe@5.0.1
75 silly idealTree +-- jsonify@0.0.0
75 silly idealTree +-- jsprim@1.4.0
75 silly idealTree | `-- assert-plus@1.0.0
75 silly idealTree +-- kind-of@3.2.2
75 silly idealTree +-- lcid@1.0.0
75 silly idealTree +-- liftoff@2.3.0
75 silly idealTree +-- load-json-file@1.1.0
75 silly idealTree | +-- graceful-fs@4.1.11
75 silly idealTree | `-- strip-bom@2.0.0
75 silly idealTree +-- lodash._basecopy@3.0.1
75 silly idealTree +-- lodash._basetostring@3.0.1
75 silly idealTree +-- lodash._basevalues@3.0.0
75 silly idealTree +-- lodash._getnative@3.9.1
75 silly idealTree +-- lodash._isiterateecall@3.0.9
75 silly idealTree +-- lodash._reescape@3.0.0
75 silly idealTree +-- lodash._reevaluate@3.0.0
75 silly idealTree +-- lodash._reinterpolate@3.0.0
75 silly idealTree +-- lodash._root@3.0.1
75 silly idealTree +-- lodash.assign@4.2.0
75 silly idealTree +-- lodash.assignwith@4.2.0
75 silly idealTree +-- lodash.clonedeep@4.5.0
75 silly idealTree +-- lodash.escape@3.2.0
75 silly idealTree +-- lodash.isarguments@3.1.0
75 silly idealTree +-- lodash.isarray@3.0.4
75 silly idealTree +-- lodash.isempty@4.4.0
75 silly idealTree +-- lodash.isplainobject@4.0.6
75 silly idealTree +-- lodash.isstring@4.0.1
75 silly idealTree +-- lodash.keys@3.1.2
75 silly idealTree +-- lodash.mapvalues@4.6.0
75 silly idealTree +-- lodash.mergewith@4.6.0
75 silly idealTree +-- lodash.pick@4.4.0
75 silly idealTree +-- lodash.restparam@3.6.1
75 silly idealTree +-- lodash.template@3.6.2
75 silly idealTree +-- lodash.templatesettings@3.1.1
75 silly idealTree +-- lodash@1.0.2
75 silly idealTree +-- loud-rejection@1.6.0
75 silly idealTree +-- lru-cache@2.7.3
75 silly idealTree +-- map-cache@0.2.2
75 silly idealTree +-- map-obj@1.0.1
75 silly idealTree +-- meow@3.7.0
75 silly idealTree | `-- object-assign@4.1.1
75 silly idealTree +-- micromatch@2.3.11
75 silly idealTree +-- mime-db@1.27.0
75 silly idealTree +-- mime-types@2.1.15
75 silly idealTree +-- minimatch@2.0.10
75 silly idealTree +-- minimist@1.2.0
75 silly idealTree +-- mkdirp@0.5.1
75 silly idealTree | `-- minimist@0.0.8
75 silly idealTree +-- multipipe@0.1.2
75 silly idealTree +-- nan@2.6.2
75 silly idealTree +-- natives@1.1.0
75 silly idealTree +-- node-gyp@3.6.1
75 silly idealTree | +-- glob@7.1.1
75 silly idealTree | +-- graceful-fs@4.1.11
75 silly idealTree | +-- minimatch@3.0.4
75 silly idealTree | `-- semver@5.3.0
75 silly idealTree +-- node-sass@4.5.3
75 silly idealTree | +-- gaze@1.1.2
75 silly idealTree | +-- glob@7.1.1
75 silly idealTree | +-- globule@1.1.0
75 silly idealTree | +-- lodash@4.16.6
75 silly idealTree | `-- minimatch@3.0.4
75 silly idealTree +-- nopt@3.0.6
75 silly idealTree +-- normalize-package-data@2.3.8
75 silly idealTree +-- normalize-path@2.1.1
75 silly idealTree +-- npmlog@4.1.0
75 silly idealTree +-- number-is-nan@1.0.1
75 silly idealTree +-- oauth-sign@0.8.2
75 silly idealTree +-- object-assign@3.0.0
75 silly idealTree +-- object.omit@2.0.1
75 silly idealTree +-- once@1.3.3
75 silly idealTree +-- orchestrator@0.3.8
75 silly idealTree +-- ordered-read-streams@0.1.0
75 silly idealTree +-- os-homedir@1.0.2
75 silly idealTree +-- os-locale@1.4.0
75 silly idealTree +-- os-tmpdir@1.0.2
75 silly idealTree +-- osenv@0.1.4
75 silly idealTree +-- parse-filepath@1.0.1
75 silly idealTree +-- parse-glob@3.0.4
75 silly idealTree +-- parse-json@2.2.0
75 silly idealTree +-- parse-passwd@1.0.0
75 silly idealTree +-- path-exists@2.1.0
75 silly idealTree +-- path-is-absolute@1.0.1
75 silly idealTree +-- path-parse@1.0.5
75 silly idealTree +-- path-root-regex@0.1.2
75 silly idealTree +-- path-root@0.1.1
75 silly idealTree +-- path-type@1.1.0
75 silly idealTree | `-- graceful-fs@4.1.11
75 silly idealTree +-- performance-now@0.2.0
75 silly idealTree +-- pify@2.3.0
75 silly idealTree +-- pinkie-promise@2.0.1
75 silly idealTree +-- pinkie@2.0.4
75 silly idealTree +-- preserve@0.2.0
75 silly idealTree +-- pretty-bytes@3.0.1
75 silly idealTree +-- pretty-hrtime@1.0.3
75 silly idealTree +-- process-nextick-args@1.0.7
75 silly idealTree +-- pseudomap@1.0.2
75 silly idealTree +-- punycode@1.4.1
75 silly idealTree +-- qs@6.4.0
75 silly idealTree +-- randomatic@1.1.6
75 silly idealTree +-- read-pkg-up@1.0.1
75 silly idealTree +-- read-pkg@1.1.0
75 silly idealTree +-- readable-stream@1.1.14
75 silly idealTree +-- rechoir@0.6.2
75 silly idealTree +-- redent@1.0.0
75 silly idealTree +-- regex-cache@0.4.3
75 silly idealTree +-- remove-trailing-separator@1.0.1
75 silly idealTree +-- repeat-element@1.1.2
75 silly idealTree +-- repeat-string@1.6.1
75 silly idealTree +-- repeating@2.0.1
75 silly idealTree +-- replace-ext@0.0.1
75 silly idealTree +-- request@2.81.0
75 silly idealTree +-- require-directory@2.1.1
75 silly idealTree +-- require-main-filename@1.0.1
75 silly idealTree +-- resolve-dir@0.1.1
75 silly idealTree +-- resolve@1.3.3
75 silly idealTree +-- rimraf@2.6.1
75 silly idealTree | +-- glob@7.1.1
75 silly idealTree | `-- minimatch@3.0.4
75 silly idealTree +-- safe-buffer@5.0.1
75 silly idealTree +-- sass-graph@2.2.4
75 silly idealTree | +-- glob@7.1.1
75 silly idealTree | +-- lodash@4.17.4
75 silly idealTree | `-- minimatch@3.0.4
75 silly idealTree +-- scss-tokenizer@0.2.3
75 silly idealTree +-- semver@4.3.6
75 silly idealTree +-- sequencify@0.0.7
75 silly idealTree +-- set-blocking@2.0.0
75 silly idealTree +-- sigmund@1.0.1
75 silly idealTree +-- signal-exit@3.0.2
75 silly idealTree +-- sntp@1.0.9
75 silly idealTree +-- source-map@0.4.4
75 silly idealTree +-- sparkles@1.0.0
75 silly idealTree +-- spdx-correct@1.0.2
75 silly idealTree +-- spdx-expression-parse@1.0.4
75 silly idealTree +-- spdx-license-ids@1.2.2
75 silly idealTree +-- sshpk@1.13.0
75 silly idealTree | `-- assert-plus@1.0.0
75 silly idealTree +-- stdout-stream@1.4.0
75 silly idealTree | +-- isarray@1.0.0
75 silly idealTree | +-- readable-stream@2.2.9
75 silly idealTree | `-- string_decoder@1.0.0
75 silly idealTree +-- stream-consume@0.1.0
75 silly idealTree +-- stream-counter@1.0.0
75 silly idealTree +-- string_decoder@0.10.31
75 silly idealTree +-- string-width@1.0.2
75 silly idealTree +-- stringstream@0.0.5
75 silly idealTree +-- strip-ansi@3.0.1
75 silly idealTree +-- strip-bom@1.0.0
75 silly idealTree +-- strip-indent@1.0.1
75 silly idealTree +-- supports-color@2.0.0
75 silly idealTree +-- tar@2.2.1
75 silly idealTree +-- through2@2.0.3
75 silly idealTree | +-- isarray@1.0.0
75 silly idealTree | +-- readable-stream@2.2.9
75 silly idealTree | `-- string_decoder@1.0.0
75 silly idealTree +-- tildify@1.2.0
75 silly idealTree +-- time-stamp@1.1.0
75 silly idealTree +-- tough-cookie@2.3.2
75 silly idealTree +-- trim-newlines@1.0.0
75 silly idealTree +-- tunnel-agent@0.6.0
75 silly idealTree +-- tweetnacl@0.14.5
75 silly idealTree +-- unc-path-regex@0.1.2
75 silly idealTree +-- unique-stream@1.0.0
75 silly idealTree +-- user-home@1.1.1
75 silly idealTree +-- util-deprecate@1.0.2
75 silly idealTree +-- uuid@3.0.1
75 silly idealTree +-- v8flags@2.1.1
75 silly idealTree +-- validate-npm-package-license@3.0.1
75 silly idealTree +-- verror@1.3.6
75 silly idealTree +-- vinyl-fs@0.3.14
75 silly idealTree | +-- clone@0.2.0
75 silly idealTree | +-- readable-stream@1.0.34
75 silly idealTree | +-- through2@0.6.5
75 silly idealTree | `-- vinyl@0.4.6
75 silly idealTree +-- vinyl-sourcemaps-apply@0.2.1
75 silly idealTree | `-- source-map@0.5.6
75 silly idealTree +-- vinyl@0.5.3
75 silly idealTree +-- which-module@1.0.0
75 silly idealTree +-- which@1.2.14
75 silly idealTree +-- wide-align@1.1.2
75 silly idealTree +-- wrap-ansi@2.1.0
75 silly idealTree +-- wrappy@1.0.2
75 silly idealTree +-- xtend@4.0.1
75 silly idealTree +-- y18n@3.2.1
75 silly idealTree +-- yallist@2.1.2
75 silly idealTree +-- yargs-parser@5.0.0
75 silly idealTree | `-- camelcase@3.0.0
75 silly idealTree `-- yargs@7.1.0
75 silly idealTree   `-- camelcase@3.0.0
76 silly generateActionsToTake Starting
77 silly install generateActionsToTake
78 silly generateActionsToTake Finishing
79 silly diffTrees action count 1
80 silly diffTrees add git-hooks@1.1.8
81 silly decomposeActions action count 8
82 silly decomposeActions fetch git-hooks@1.1.8
83 silly decomposeActions extract git-hooks@1.1.8
84 silly decomposeActions test git-hooks@1.1.8
85 silly decomposeActions preinstall git-hooks@1.1.8
86 silly decomposeActions build git-hooks@1.1.8
87 silly decomposeActions install git-hooks@1.1.8
88 silly decomposeActions postinstall git-hooks@1.1.8
89 silly decomposeActions finalize git-hooks@1.1.8
90 silly runTopLevelLifecycles Starting
91 silly executeActions Starting
92 silly install executeActions
93 silly doSerial global-install 0
94 silly doParallel fetch 1
95 verbose correctMkdir C:\Users\Admin\AppData\Roaming\npm-cache\_locks correctMkdir not in flight; initializing
96 verbose lock using C:\Users\Admin\AppData\Roaming\npm-cache\_locks\staging-8685f3e009c2b2f1.lock for C:\Users\Admin\Desktop\Ajax training\node_modules\.staging
97 silly doParallel extract 1
98 silly extract git-hooks@1.1.8
99 verbose unbuild node_modules\.staging\git-hooks-8a0ba062
100 silly gentlyRm C:\Users\Admin\Desktop\Ajax training\node_modules\.staging\git-hooks-8a0ba062 is being purged from base C:\Users\Admin\Desktop\Ajax training
101 verbose gentlyRm don't care about contents; nuking C:\Users\Admin\Desktop\Ajax training\node_modules\.staging\git-hooks-8a0ba062
102 verbose tar unpack C:\Users\Admin\AppData\Roaming\npm-cache\git-hooks\1.1.8\package.tgz
103 verbose tar unpacking to C:\Users\Admin\Desktop\Ajax training\node_modules\.staging\git-hooks-8a0ba062
104 silly gentlyRm C:\Users\Admin\Desktop\Ajax training\node_modules\.staging\git-hooks-8a0ba062 is being purged
105 verbose gentlyRm don't care about contents; nuking C:\Users\Admin\Desktop\Ajax training\node_modules\.staging\git-hooks-8a0ba062
106 silly gunzTarPerm modes [ '777', '666' ]
107 silly gunzTarPerm extractEntry package.json
108 silly gunzTarPerm modified mode [ 'package.json', 420, 438 ]
109 silly gunzTarPerm extractEntry README.md
110 silly gunzTarPerm modified mode [ 'README.md', 420, 438 ]
111 silly gunzTarPerm extractEntry bin/git-hooks
112 silly gunzTarPerm modified mode [ 'bin/git-hooks', 493, 511 ]
113 silly gunzTarPerm extractEntry examples/pre-commit/test
114 silly gunzTarPerm modified mode [ 'examples/pre-commit/test', 493, 511 ]
115 silly gunzTarPerm extractEntry examples/pre-push/prevent-force-push-to-master
116 silly gunzTarPerm modified mode [ 'examples/pre-push/prevent-force-push-to-master', 493, 511 ]
117 silly gunzTarPerm extractEntry lib/cli.js
118 silly gunzTarPerm modified mode [ 'lib/cli.js', 420, 438 ]
119 silly gunzTarPerm extractEntry lib/fs-helpers.js
120 silly gunzTarPerm modified mode [ 'lib/fs-helpers.js', 420, 438 ]
121 silly gunzTarPerm extractEntry lib/git-hooks.js
122 silly gunzTarPerm modified mode [ 'lib/git-hooks.js', 420, 438 ]
123 silly gunzTarPerm extractEntry lib/hook-template.js
124 silly gunzTarPerm modified mode [ 'lib/hook-template.js', 420, 438 ]
125 silly gentlyRm C:\Users\Admin\Desktop\Ajax training\node_modules\.staging\git-hooks-8a0ba062\node_modules is being purged
126 verbose gentlyRm don't care about contents; nuking C:\Users\Admin\Desktop\Ajax training\node_modules\.staging\git-hooks-8a0ba062\node_modules
127 silly doParallel preinstall 1
128 silly preinstall git-hooks@1.1.8 C:\Users\Admin\Desktop\Ajax training\node_modules\.staging\git-hooks-8a0ba062
129 info lifecycle git-hooks@1.1.8~preinstall: git-hooks@1.1.8
130 silly lifecycle git-hooks@1.1.8~preinstall: no script for preinstall, continuing
131 silly doReverseSerial remove 0
132 silly doSerial move 0
133 silly doSerial finalize 1
134 silly finalize C:\Users\Admin\Desktop\Ajax training\node_modules\git-hooks
135 silly doSerial build 1
136 silly build git-hooks@1.1.8
137 info linkStuff git-hooks@1.1.8
138 silly linkStuff git-hooks@1.1.8 has C:\Users\Admin\Desktop\Ajax training\node_modules as its parent node_modules
139 verbose linkBins git-hooks@1.1.8
140 verbose linkMans git-hooks@1.1.8
141 silly doSerial global-link 0
142 silly doParallel update-linked 0
143 silly doSerial install 1
144 silly install git-hooks@1.1.8 C:\Users\Admin\Desktop\Ajax training\node_modules\.staging\git-hooks-8a0ba062
145 info lifecycle git-hooks@1.1.8~install: git-hooks@1.1.8
146 silly lifecycle git-hooks@1.1.8~install: no script for install, continuing
147 silly doSerial postinstall 1
148 silly postinstall git-hooks@1.1.8 C:\Users\Admin\Desktop\Ajax training\node_modules\.staging\git-hooks-8a0ba062
149 info lifecycle git-hooks@1.1.8~postinstall: git-hooks@1.1.8
150 verbose lifecycle git-hooks@1.1.8~postinstall: unsafe-perm in lifecycle true
151 verbose lifecycle git-hooks@1.1.8~postinstall: PATH: C:\Program Files\nodejs\node_modules\npm\bin\node-gyp-bin;C:\Users\Admin\Desktop\Ajax training\node_modules\git-hooks\node_modules\.bin;C:\Users\Admin\Desktop\Ajax training\node_modules\.bin;C:\Users\Admin\bin;C:\Program Files\Git\mingw64\bin;C:\Program Files\Git\usr\local\bin;C:\Program Files\Git\usr\bin;C:\Program Files\Git\usr\bin;C:\Program Files\Git\mingw64\bin;C:\Program Files\Git\usr\bin;C:\Users\Admin\bin;C:\Windows\system32;C:\Windows;C:\Windows\System32\Wbem;C:\Windows\System32\WindowsPowerShell\v1.0;C:\Program Files (x86)\ATI Technologies\ATI.ACE\Core-Static;C:\Program Files (x86)\Brackets\command;C:\Program Files (x86)\Skype\Phone;C:\Program Files\Git\cmd;C:\Program Files\TortoiseGit\bin;C:\Program Files\nodejs;C:\Users\Admin\AppData\Roaming\npm;C:\Program Files\Git\usr\bin\vendor_perl;C:\Program Files\Git\usr\bin\core_perl
152 verbose lifecycle git-hooks@1.1.8~postinstall: CWD: C:\Users\Admin\Desktop\Ajax training\node_modules\git-hooks
153 silly lifecycle git-hooks@1.1.8~postinstall: Args: [ '/d /s /c', './bin/git-hooks --install' ]
154 silly lifecycle git-hooks@1.1.8~postinstall: Returned: code: 1  signal: null
155 info lifecycle git-hooks@1.1.8~postinstall: Failed to exec postinstall script
156 verbose unlock done using C:\Users\Admin\AppData\Roaming\npm-cache\_locks\staging-8685f3e009c2b2f1.lock for C:\Users\Admin\Desktop\Ajax training\node_modules\.staging
157 silly rollbackFailedOptional Starting
158 silly rollbackFailedOptional Finishing
159 silly runTopLevelLifecycles Finishing
160 silly install printInstalled
161 warn Invalid name: "Ajaxs training"
162 verbose If you need help, you may report this error at:
162 verbose     <https://github.com/npm/npm/issues>
163 warn Ajax training No description
164 verbose If you need help, you may report this error at:
164 verbose     <https://github.com/npm/npm/issues>
165 warn Ajax training No repository field.
166 verbose If you need help, you may report this error at:
166 verbose     <https://github.com/npm/npm/issues>
167 warn Ajax training No README data
168 verbose If you need help, you may report this error at:
168 verbose     <https://github.com/npm/npm/issues>
169 warn Ajax training No license field.
170 verbose If you need help, you may report this error at:
170 verbose     <https://github.com/npm/npm/issues>
171 verbose stack Error: git-hooks@1.1.8 postinstall: `./bin/git-hooks --install`
171 verbose stack Exit status 1
171 verbose stack     at EventEmitter.<anonymous> (C:\Program Files\nodejs\node_modules\npm\lib\utils\lifecycle.js:255:16)
171 verbose stack     at emitTwo (events.js:106:13)
171 verbose stack     at EventEmitter.emit (events.js:191:7)
171 verbose stack     at ChildProcess.<anonymous> (C:\Program Files\nodejs\node_modules\npm\lib\utils\spawn.js:40:14)
171 verbose stack     at emitTwo (events.js:106:13)
171 verbose stack     at ChildProcess.emit (events.js:191:7)
171 verbose stack     at maybeClose (internal/child_process.js:886:16)
171 verbose stack     at Process.ChildProcess._handle.onexit (internal/child_process.js:226:5)
172 verbose pkgid git-hooks@1.1.8
173 verbose cwd C:\Users\Admin\Desktop\Ajax training
174 error Windows_NT 6.1.7601
175 error argv "C:\\Program Files\\nodejs\\node.exe" "C:\\Program Files\\nodejs\\node_modules\\npm\\bin\\npm-cli.js" "install" "git-hooks" "--save-dev"
176 error node v6.10.3
177 error npm  v3.10.10
178 error code ELIFECYCLE
179 error git-hooks@1.1.8 postinstall: `./bin/git-hooks --install`
179 error Exit status 1
180 error Failed at the git-hooks@1.1.8 postinstall script './bin/git-hooks --install'.
180 error Make sure you have the latest version of node.js and npm installed.
180 error If you do, this is most likely a problem with the git-hooks package,
180 error not with npm itself.
180 error Tell the author that this fails on your system:
180 error     ./bin/git-hooks --install
180 error You can get information on how to open an issue for this project with:
180 error     npm bugs git-hooks
180 error Or if that isn't available, you can get their info via:
180 error     npm owner ls git-hooks
180 error There is likely additional logging output above.
181 verbose exit [ 1, true ]
